<?xml version="1.0" encoding="UTF-8"?>
<!-- Generated by org.testng.reporters.JUnitReportReporter -->
<testsuite skipped="0" hostname="Roly" name="TestRunner.Runner_RegistrarHora" tests="1" failures="0" timestamp="2021-09-11T04:28:06 CLST" time="10.755" errors="0">
  <testcase name="runScenario" time="10.755" classname="TestRunner.Runner_RegistrarHora"/>
  <system-out/>
</testsuite> <!-- TestRunner.Runner_RegistrarHora -->
