<?xml version="1.0" encoding="UTF-8"?>
<!-- Generated by org.testng.reporters.JUnitReportReporter -->
<testsuite skipped="0" hostname="Roly" name="TestNG.bd_connectTest" tests="1" failures="0" timestamp="2021-09-11T04:28:06 CLST" time="0.214" errors="0">
  <testcase name="test" time="0.214" classname="TestNG.bd_connectTest"/>
  <system-out/>
</testsuite> <!-- TestNG.bd_connectTest -->
