<?xml version="1.0" encoding="UTF-8"?>
<!-- Generated by org.testng.reporters.JUnitReportReporter -->
<testsuite skipped="0" hostname="Roly" name="TestNG.TestNgLogin_incorrecto" tests="1" failures="0" timestamp="2021-09-11T03:23:14 CLST" time="0.120" errors="0">
  <testcase name="login" time="0.120" classname="TestNG.TestNgLogin_incorrecto"/>
  <system-out/>
</testsuite> <!-- TestNG.TestNgLogin_incorrecto -->
