<?xml version="1.0" encoding="UTF-8"?>
<!-- Generated by org.testng.reporters.JUnitReportReporter -->
<testsuite skipped="0" hostname="Roly" name="TestRunner.Runner" tests="1" failures="0" timestamp="2021-09-11T03:25:42 CLST" time="6.891" errors="0">
  <testcase name="runScenario" time="6.891" classname="TestRunner.Runner"/>
  <system-out/>
</testsuite> <!-- TestRunner.Runner -->
